kotlin version: 2.0.0
error message: org.jetbrains.kotlin.backend.common.BackendException: Backend Internal error: Exception during IR lowering
File being compiled: /Users/simond/Documents/git/photo-categorizer/app/auth/src/main/java/com/duchastel/simon/photocategorizer/auth/AuthenticatedAsyncImage.kt
The root cause java.lang.RuntimeException was thrown at: org.jetbrains.kotlin.backend.jvm.codegen.FunctionCodegen.generate(FunctionCodegen.kt:50)
	at org.jetbrains.kotlin.backend.common.CodegenUtil.reportBackendException(CodegenUtil.kt:253)
	at org.jetbrains.kotlin.backend.common.CodegenUtil.reportBackendException$default(CodegenUtil.kt:236)
	at org.jetbrains.kotlin.backend.common.phaser.PerformByIrFilePhase.invokeSequential(performByIrFile.kt:65)
	at org.jetbrains.kotlin.backend.common.phaser.PerformByIrFilePhase.invoke(performByIrFile.kt:52)
	at org.jetbrains.kotlin.backend.common.phaser.PerformByIrFilePhase.invoke(performByIrFile.kt:38)
	at org.jetbrains.kotlin.backend.common.phaser.NamedCompilerPhase.phaseBody(CompilerPhase.kt:166)
	at org.jetbrains.kotlin.backend.common.phaser.AbstractNamedCompilerPhase.invoke(CompilerPhase.kt:113)
	at org.jetbrains.kotlin.backend.common.phaser.CompositePhase.invoke(PhaseBuilders.kt:29)
	at org.jetbrains.kotlin.backend.common.phaser.CompositePhase.invoke(PhaseBuilders.kt:16)
	at org.jetbrains.kotlin.backend.common.phaser.NamedCompilerPhase.phaseBody(CompilerPhase.kt:166)
	at org.jetbrains.kotlin.backend.common.phaser.AbstractNamedCompilerPhase.invoke(CompilerPhase.kt:113)
	at org.jetbrains.kotlin.backend.common.phaser.CompilerPhaseKt.invokeToplevel(CompilerPhase.kt:62)
	at org.jetbrains.kotlin.backend.jvm.JvmIrCodegenFactory.invokeCodegen(JvmIrCodegenFactory.kt:371)
	at org.jetbrains.kotlin.codegen.CodegenFactory.generateModule(CodegenFactory.kt:47)
	at org.jetbrains.kotlin.backend.jvm.JvmIrCodegenFactory.generateModuleInFrontendIRMode(JvmIrCodegenFactory.kt:433)
	at org.jetbrains.kotlin.cli.jvm.compiler.pipeline.JvmCompilerPipelineKt.generateCodeFromIr(jvmCompilerPipeline.kt:241)
	at org.jetbrains.kotlin.cli.jvm.compiler.pipeline.JvmCompilerPipelineKt.compileModulesUsingFrontendIrAndLightTree(jvmCompilerPipeline.kt:140)
	at org.jetbrains.kotlin.cli.jvm.K2JVMCompiler.doExecute(K2JVMCompiler.kt:155)
	at org.jetbrains.kotlin.cli.jvm.K2JVMCompiler.doExecute(K2JVMCompiler.kt:50)
	at org.jetbrains.kotlin.cli.common.CLICompiler.execImpl(CLICompiler.kt:104)
	at org.jetbrains.kotlin.cli.common.CLICompiler.execImpl(CLICompiler.kt:48)
	at org.jetbrains.kotlin.cli.common.CLITool.exec(CLITool.kt:101)
	at org.jetbrains.kotlin.incremental.IncrementalJvmCompilerRunner.runCompiler(IncrementalJvmCompilerRunner.kt:453)
	at org.jetbrains.kotlin.incremental.IncrementalJvmCompilerRunner.runCompiler(IncrementalJvmCompilerRunner.kt:62)
	at org.jetbrains.kotlin.incremental.IncrementalCompilerRunner.doCompile(IncrementalCompilerRunner.kt:506)
	at org.jetbrains.kotlin.incremental.IncrementalCompilerRunner.compileImpl(IncrementalCompilerRunner.kt:423)
	at org.jetbrains.kotlin.incremental.IncrementalCompilerRunner.compileNonIncrementally(IncrementalCompilerRunner.kt:301)
	at org.jetbrains.kotlin.incremental.IncrementalCompilerRunner.compile(IncrementalCompilerRunner.kt:129)
	at org.jetbrains.kotlin.daemon.CompileServiceImplBase.execIncrementalCompiler(CompileServiceImpl.kt:676)
	at org.jetbrains.kotlin.daemon.CompileServiceImplBase.access$execIncrementalCompiler(CompileServiceImpl.kt:92)
	at org.jetbrains.kotlin.daemon.CompileServiceImpl.compile(CompileServiceImpl.kt:1661)
	at java.base/jdk.internal.reflect.DirectMethodHandleAccessor.invoke(Unknown Source)
	at java.base/java.lang.reflect.Method.invoke(Unknown Source)
	at java.rmi/sun.rmi.server.UnicastServerRef.dispatch(Unknown Source)
	at java.rmi/sun.rmi.transport.Transport$1.run(Unknown Source)
	at java.rmi/sun.rmi.transport.Transport$1.run(Unknown Source)
	at java.base/java.security.AccessController.doPrivileged(Unknown Source)
	at java.rmi/sun.rmi.transport.Transport.serviceCall(Unknown Source)
	at java.rmi/sun.rmi.transport.tcp.TCPTransport.handleMessages(Unknown Source)
	at java.rmi/sun.rmi.transport.tcp.TCPTransport$ConnectionHandler.run0(Unknown Source)
	at java.rmi/sun.rmi.transport.tcp.TCPTransport$ConnectionHandler.lambda$run$0(Unknown Source)
	at java.base/java.security.AccessController.doPrivileged(Unknown Source)
	at java.rmi/sun.rmi.transport.tcp.TCPTransport$ConnectionHandler.run(Unknown Source)
	at java.base/java.util.concurrent.ThreadPoolExecutor.runWorker(Unknown Source)
	at java.base/java.util.concurrent.ThreadPoolExecutor$Worker.run(Unknown Source)
	at java.base/java.lang.Thread.run(Unknown Source)
Caused by: java.lang.RuntimeException: Exception while generating code for:
FUN name:AuthenticatedAsyncImage visibility:public modality:FINAL <> (modifier:androidx.compose.ui.Modifier, url:kotlin.String, contentScale:androidx.compose.ui.layout.ContentScale, authManager:com.duchastel.simon.photocategorizer.auth.AuthManager, contentDescription:kotlin.String?) returnType:kotlin.Unit
  annotations:
    Composable
  VALUE_PARAMETER name:modifier index:0 type:androidx.compose.ui.Modifier
    EXPRESSION_BODY
      ERROR_EXPR 'Default Stub' type=androidx.compose.ui.Modifier
  VALUE_PARAMETER name:url index:1 type:kotlin.String
  VALUE_PARAMETER name:contentScale index:2 type:androidx.compose.ui.layout.ContentScale
    EXPRESSION_BODY
      ERROR_EXPR 'Default Stub' type=androidx.compose.ui.layout.ContentScale
  VALUE_PARAMETER name:authManager index:3 type:com.duchastel.simon.photocategorizer.auth.AuthManager
  VALUE_PARAMETER name:contentDescription index:4 type:kotlin.String?
  BLOCK_BODY
    VAR name:coroutineScope type:kotlinx.coroutines.CoroutineScope [val]
      CALL 'public final fun rememberCoroutineScope$default (getContext: @[DisallowComposableCalls] kotlin.Function0<kotlin.coroutines.CoroutineContext>?, $mask0: kotlin.Int, $handler: kotlin.Any?): kotlinx.coroutines.CoroutineScope [inline] declared in androidx.compose.runtime.EffectsKt' type=kotlinx.coroutines.CoroutineScope origin=DEFAULT_DISPATCH_CALL
        getContext: COMPOSITE type=@[DisallowComposableCalls] kotlin.Function0<kotlin.coroutines.CoroutineContext>? origin=DEFAULT_VALUE
          CONST Null type=@[DisallowComposableCalls] kotlin.Function0<kotlin.coroutines.CoroutineContext>? value=null
        $mask0: CONST Int type=kotlin.Int value=1
        $handler: CONST Null type=kotlin.Any? value=null
    VAR PROPERTY_DELEGATE name:token$delegate type:androidx.compose.runtime.MutableState<kotlin.String?> [val]
      CALL 'public final fun remember <T> (calculation: @[DisallowComposableCalls] kotlin.Function0<T of androidx.compose.runtime.ComposablesKt.remember>): T of androidx.compose.runtime.ComposablesKt.remember [inline] declared in androidx.compose.runtime.ComposablesKt' type=androidx.compose.runtime.MutableState<kotlin.String?> origin=null
        <T>: androidx.compose.runtime.MutableState<kotlin.String?>
        calculation: BLOCK type=kotlin.Function0<androidx.compose.runtime.MutableState<kotlin.String?>> origin=LAMBDA
          COMPOSITE type=kotlin.Unit origin=null
          FUNCTION_REFERENCE 'private final fun AuthenticatedAsyncImage$lambda$0 (): androidx.compose.runtime.MutableState<kotlin.String?> declared in com.duchastel.simon.photocategorizer.auth.AuthenticatedAsyncImageKt' type=kotlin.Function0<androidx.compose.runtime.MutableState<kotlin.String?>> origin=INLINE_LAMBDA reflectionTarget=null
    CALL 'public final fun LaunchedEffect (key1: kotlin.Any?, block: @[ExtensionFunctionType] kotlin.coroutines.SuspendFunction1<kotlinx.coroutines.CoroutineScope, kotlin.Unit>): kotlin.Unit declared in androidx.compose.runtime.EffectsKt' type=kotlin.Unit origin=null
      key1: GET_VAR 'url: kotlin.String declared in com.duchastel.simon.photocategorizer.auth.AuthenticatedAsyncImageKt.AuthenticatedAsyncImage' type=kotlin.String origin=null
      block: BLOCK type=com.duchastel.simon.photocategorizer.auth.AuthenticatedAsyncImageKt.AuthenticatedAsyncImage.<no name provided> origin=null
        CLASS SUSPEND_LAMBDA CLASS name:<no name provided> modality:FINAL visibility:public/*package*/ superTypes:[kotlin.coroutines.jvm.internal.SuspendLambda; kotlin.jvm.functions.Function2<kotlinx.coroutines.CoroutineScope, kotlin.coroutines.Continuation<kotlin.Unit>?, kotlin.Any?>]
          $this: VALUE_PARAMETER INSTANCE_RECEIVER name:<this> type:com.duchastel.simon.photocategorizer.auth.AuthenticatedAsyncImageKt.AuthenticatedAsyncImage.<no name provided>
          FIELD name:label type:kotlin.Int visibility:public/*package*/
          CONSTRUCTOR SUSPEND_LAMBDA visibility:public/*package*/ <> ($coroutineScope:kotlinx.coroutines.CoroutineScope, $authManager:com.duchastel.simon.photocategorizer.auth.AuthManager, $token$delegate:androidx.compose.runtime.MutableState<kotlin.String?>, $completion:kotlin.coroutines.Continuation<com.duchastel.simon.photocategorizer.auth.AuthenticatedAsyncImageKt.AuthenticatedAsyncImage.<no name provided>>?) returnType:com.duchastel.simon.photocategorizer.auth.AuthenticatedAsyncImageKt.AuthenticatedAsyncImage.<no name provided> [primary]
            VALUE_PARAMETER BOUND_VALUE_PARAMETER name:$coroutineScope index:0 type:kotlinx.coroutines.CoroutineScope
            VALUE_PARAMETER BOUND_VALUE_PARAMETER name:$authManager index:1 type:com.duchastel.simon.photocategorizer.auth.AuthManager
            VALUE_PARAMETER BOUND_VALUE_PARAMETER name:$token$delegate index:2 type:androidx.compose.runtime.MutableState<kotlin.String?>
            VALUE_PARAMETER name:$completion index:3 type:kotlin.coroutines.Continuation<com.duchastel.simon.photocategorizer.auth.AuthenticatedAsyncImageKt.AuthenticatedAsyncImage.<no name provided>>?
            BLOCK_BODY
              SET_FIELD 'FIELD FIELD_FOR_CAPTURED_VALUE name:$coroutineScope type:kotlinx.coroutines.CoroutineScope visibility:public/*package*/ [final]' type=kotlin.Unit origin=INITIALIZER_OF_FIELD_FOR_CAPTURED_VALUE
                receiver: GET_VAR '<this>: com.duchastel.simon.photocategorizer.auth.AuthenticatedAsyncImageKt.AuthenticatedAsyncImage.<no name provided> declared in com.duchastel.simon.photocategorizer.auth.AuthenticatedAsyncImageKt.AuthenticatedAsyncImage.<no name provided>' type=com.duchastel.simon.photocategorizer.auth.AuthenticatedAsyncImageKt.AuthenticatedAsyncImage.<no name provided> origin=null
                value: GET_VAR '$coroutineScope: kotlinx.coroutines.CoroutineScope declared in com.duchastel.simon.photocategorizer.auth.AuthenticatedAsyncImageKt.AuthenticatedAsyncImage.<no name provided>.<init>' type=kotlinx.coroutines.CoroutineScope origin=null
              SET_FIELD 'FIELD FIELD_FOR_CAPTURED_VALUE name:$authManager type:com.duchastel.simon.photocategorizer.auth.AuthManager visibility:public/*package*/ [final]' type=kotlin.Unit origin=INITIALIZER_OF_FIELD_FOR_CAPTURED_VALUE
                receiver: GET_VAR '<this>: com.duchastel.simon.photocategorizer.auth.AuthenticatedAsyncImageKt.AuthenticatedAsyncImage.<no name provided> declared in com.duchastel.simon.photocategorizer.auth.AuthenticatedAsyncImageKt.AuthenticatedAsyncImage.<no name provided>' type=com.duchastel.simon.photocategorizer.auth.AuthenticatedAsyncImageKt.AuthenticatedAsyncImage.<no name provided> origin=null
                value: GET_VAR '$authManager: com.duchastel.simon.photocategorizer.auth.AuthManager declared in com.duchastel.simon.photocategorizer.auth.AuthenticatedAsyncImageKt.AuthenticatedAsyncImage.<no name provided>.<init>' type=com.duchastel.simon.photocategorizer.auth.AuthManager origin=null
              SET_FIELD 'FIELD FIELD_FOR_CAPTURED_VALUE name:$token$delegate type:androidx.compose.runtime.MutableState<kotlin.String?> visibility:public/*package*/ [final]' type=kotlin.Unit origin=INITIALIZER_OF_FIELD_FOR_CAPTURED_VALUE
                receiver: GET_VAR '<this>: com.duchastel.simon.photocategorizer.auth.AuthenticatedAsyncImageKt.AuthenticatedAsyncImage.<no name provided> declared in com.duchastel.simon.photocategorizer.auth.AuthenticatedAsyncImageKt.AuthenticatedAsyncImage.<no name provided>' type=com.duchastel.simon.photocategorizer.auth.AuthenticatedAsyncImageKt.AuthenticatedAsyncImage.<no name provided> origin=null
                value: GET_VAR '$token$delegate: androidx.compose.runtime.MutableState<kotlin.String?> declared in com.duchastel.simon.photocategorizer.auth.AuthenticatedAsyncImageKt.AuthenticatedAsyncImage.<no name provided>.<init>' type=androidx.compose.runtime.MutableState<kotlin.String?> origin=null
              DELEGATING_CONSTRUCTOR_CALL 'public constructor <init> (arity: kotlin.Int, $completion: kotlin.coroutines.Continuation<kotlin.Any?>?) declared in kotlin.coroutines.jvm.internal.SuspendLambda'
                arity: CONST Int type=kotlin.Int value=2
                $completion: GET_VAR '$completion: kotlin.coroutines.Continuation<com.duchastel.simon.photocategorizer.auth.AuthenticatedAsyncImageKt.AuthenticatedAsyncImage.<no name provided>>? declared in com.duchastel.simon.photocategorizer.auth.AuthenticatedAsyncImageKt.AuthenticatedAsyncImage.<no name provided>.<init>' type=kotlin.coroutines.Continuation<com.duchastel.simon.photocategorizer.auth.AuthenticatedAsyncImageKt.AuthenticatedAsyncImage.<no name provided>>? origin=null
              BLOCK type=kotlin.Unit origin=null
          FUN name:invokeSuspend visibility:public modality:FINAL <> ($this:com.duchastel.simon.photocategorizer.auth.AuthenticatedAsyncImageKt.AuthenticatedAsyncImage.<no name provided>, $result:kotlin.Result<kotlin.Any?>) returnType:kotlin.Any?
            overridden:
              protected abstract fun invokeSuspend ($result: kotlin.Result<kotlin.Any?>): kotlin.Any? declared in kotlin.coroutines.jvm.internal.SuspendLambda
            $this: VALUE_PARAMETER INSTANCE_RECEIVER name:<this> type:com.duchastel.simon.photocategorizer.auth.AuthenticatedAsyncImageKt.AuthenticatedAsyncImage.<no name provided>
            VALUE_PARAMETER name:$result index:0 type:kotlin.Result<kotlin.Any?>
            BLOCK_BODY
              COMPOSITE type=kotlin.Unit origin=null
                CALL 'public final fun launch$default (context: kotlin.coroutines.CoroutineContext?, start: kotlinx.coroutines.CoroutineStart?, block: @[ExtensionFunctionType] kotlin.coroutines.SuspendFunction1<kotlinx.coroutines.CoroutineScope, kotlin.Unit>, $mask0: kotlin.Int, $handler: kotlin.Any?): kotlinx.coroutines.Job declared in kotlinx.coroutines.BuildersKt' type=kotlinx.coroutines.Job origin=DEFAULT_DISPATCH_CALL
                  $receiver: GET_FIELD 'FIELD FIELD_FOR_CAPTURED_VALUE name:$coroutineScope type:kotlinx.coroutines.CoroutineScope visibility:public/*package*/ [final]' type=kotlinx.coroutines.CoroutineScope origin=null
                    receiver: GET_VAR '<this>: com.duchastel.simon.photocategorizer.auth.AuthenticatedAsyncImageKt.AuthenticatedAsyncImage.<no name provided> declared in com.duchastel.simon.photocategorizer.auth.AuthenticatedAsyncImageKt.AuthenticatedAsyncImage.<no name provided>.invokeSuspend' type=com.duchastel.simon.photocategorizer.auth.AuthenticatedAsyncImageKt.AuthenticatedAsyncImage.<no name provided> origin=null
                  context: COMPOSITE type=kotlin.coroutines.CoroutineContext? origin=DEFAULT_VALUE
                    CONST Null type=kotlin.coroutines.CoroutineContext? value=null
                  start: COMPOSITE type=kotlinx.coroutines.CoroutineStart? origin=DEFAULT_VALUE
                    CONST Null type=kotlinx.coroutines.CoroutineStart? value=null
                  block: BLOCK type=com.duchastel.simon.photocategorizer.auth.AuthenticatedAsyncImageKt.AuthenticatedAsyncImage.<no name provided>.invokeSuspend.<no name provided> origin=null
                    CLASS SUSPEND_LAMBDA CLASS name:<no name provided> modality:FINAL visibility:public/*package*/ superTypes:[kotlin.coroutines.jvm.internal.SuspendLambda; kotlin.jvm.functions.Function2<kotlinx.coroutines.CoroutineScope, kotlin.coroutines.Continuation<kotlin.Unit>?, kotlin.Any?>]
                      $this: VALUE_PARAMETER INSTANCE_RECEIVER name:<this> type:com.duchastel.simon.photocategorizer.auth.AuthenticatedAsyncImageKt.AuthenticatedAsyncImage.<no name provided>.invokeSuspend.<no name provided>
                      FIELD name:label type:kotlin.Int visibility:public/*package*/
                      CONSTRUCTOR SUSPEND_LAMBDA visibility:public/*package*/ <> ($authManager:com.duchastel.simon.photocategorizer.auth.AuthManager, $token$delegate:androidx.compose.runtime.MutableState<kotlin.String?>, $completion:kotlin.coroutines.Continuation<com.duchastel.simon.photocategorizer.auth.AuthenticatedAsyncImageKt.AuthenticatedAsyncImage.<no name provided>.invokeSuspend.<no name provided>>?) returnType:com.duchastel.simon.photocategorizer.auth.AuthenticatedAsyncImageKt.AuthenticatedAsyncImage.<no name provided>.invokeSuspend.<no name provided> [primary]
                        VALUE_PARAMETER BOUND_VALUE_PARAMETER name:$authManager index:0 type:com.duchastel.simon.photocategorizer.auth.AuthManager
                        VALUE_PARAMETER BOUND_VALUE_PARAMETER name:$token$delegate index:1 type:androidx.compose.runtime.MutableState<kotlin.String?>
                        VALUE_PARAMETER name:$completion index:2 type:kotlin.coroutines.Continuation<com.duchastel.simon.photocategorizer.auth.AuthenticatedAsyncImageKt.AuthenticatedAsyncImage.<no name provided>.invokeSuspend.<no name provided>>?
                        BLOCK_BODY
                          SET_FIELD 'FIELD FIELD_FOR_CAPTURED_VALUE name:$authManager type:com.duchastel.simon.photocategorizer.auth.AuthManager visibility:public/*package*/ [final]' type=kotlin.Unit origin=INITIALIZER_OF_FIELD_FOR_CAPTURED_VALUE
                            receiver: GET_VAR '<this>: com.duchastel.simon.photocategorizer.auth.AuthenticatedAsyncImageKt.AuthenticatedAsyncImage.<no name provided>.invokeSuspend.<no name provided> declared in com.duchastel.simon.photocategorizer.auth.AuthenticatedAsyncImageKt.AuthenticatedAsyncImage.<no name provided>.invokeSuspend.<no name provided>' type=com.duchastel.simon.photocategorizer.auth.AuthenticatedAsyncImageKt.AuthenticatedAsyncImage.<no name provided>.invokeSuspend.<no name provided> origin=null
                            value: GET_VAR '$authManager: com.duchastel.simon.photocategorizer.auth.AuthManager declared in com.duchastel.simon.photocategorizer.auth.AuthenticatedAsyncImageKt.AuthenticatedAsyncImage.<no name provided>.invokeSuspend.<no name provided>.<init>' type=com.duchastel.simon.photocategorizer.auth.AuthManager origin=null
                          SET_FIELD 'FIELD FIELD_FOR_CAPTURED_VALUE name:$token$delegate type:androidx.compose.runtime.MutableState<kotlin.String?> visibility:public/*package*/ [final]' type=kotlin.Unit origin=INITIALIZER_OF_FIELD_FOR_CAPTURED_VALUE
                            receiver: GET_VAR '<this>: com.duchastel.simon.photocategorizer.auth.AuthenticatedAsyncImageKt.AuthenticatedAsyncImage.<no name provided>.invokeSuspend.<no name provided> declared in com.duchastel.simon.photocategorizer.auth.AuthenticatedAsyncImageKt.AuthenticatedAsyncImage.<no name provided>.invokeSuspend.<no name provided>' type=com.duchastel.simon.photocategorizer.auth.AuthenticatedAsyncImageKt.AuthenticatedAsyncImage.<no name provided>.invokeSuspend.<no name provided> origin=null
                            value: GET_VAR '$token$delegate: androidx.compose.runtime.MutableState<kotlin.String?> declared in com.duchastel.simon.photocategorizer.auth.AuthenticatedAsyncImageKt.AuthenticatedAsyncImage.<no name provided>.invokeSuspend.<no name provided>.<init>' type=androidx.compose.runtime.MutableState<kotlin.String?> origin=null
                          DELEGATING_CONSTRUCTOR_CALL 'public constructor <init> (arity: kotlin.Int, $completion: kotlin.coroutines.Continuation<kotlin.Any?>?) declared in kotlin.coroutines.jvm.internal.SuspendLambda'
                            arity: CONST Int type=kotlin.Int value=2
                            $completion: GET_VAR '$completion: kotlin.coroutines.Continuation<com.duchastel.simon.photocategorizer.auth.AuthenticatedAsyncImageKt.AuthenticatedAsyncImage.<no name provided>.invokeSuspend.<no name provided>>? declared in com.duchastel.simon.photocategorizer.auth.AuthenticatedAsyncImageKt.AuthenticatedAsyncImage.<no name provided>.invokeSuspend.<no name provided>.<init>' type=kotlin.coroutines.Continuation<com.duchastel.simon.photocategorizer.auth.AuthenticatedAsyncImageKt.AuthenticatedAsyncImage.<no name provided>.invokeSuspend.<no name provided>>? origin=null
                          BLOCK type=kotlin.Unit origin=null
                      FUN name:invokeSuspend visibility:public modality:FINAL <> ($this:com.duchastel.simon.photocategorizer.auth.AuthenticatedAsyncImageKt.AuthenticatedAsyncImage.<no name provided>.invokeSuspend.<no name provided>, $result:kotlin.Result<kotlin.Any?>) returnType:kotlin.Any?
                        overridden:
                          protected abstract fun invokeSuspend ($result: kotlin.Result<kotlin.Any?>): kotlin.Any? declared in kotlin.coroutines.jvm.internal.SuspendLambda
                        $this: VALUE_PARAMETER INSTANCE_RECEIVER name:<this> type:com.duchastel.simon.photocategorizer.auth.AuthenticatedAsyncImageKt.AuthenticatedAsyncImage.<no name provided>.invokeSuspend.<no name provided>
                        VALUE_PARAMETER name:$result index:0 type:kotlin.Result<kotlin.Any?>
                        BLOCK_BODY
                          CALL 'public final fun access$AuthenticatedAsyncImage$lambda$2 ($token$delegate: androidx.compose.runtime.MutableState<kotlin.String?>, <set-?>: kotlin.String?): kotlin.Unit declared in com.duchastel.simon.photocategorizer.auth.AuthenticatedAsyncImageKt' type=kotlin.Unit origin=EQ
                            $token$delegate: GET_FIELD 'FIELD FIELD_FOR_CAPTURED_VALUE name:$token$delegate type:androidx.compose.runtime.MutableState<kotlin.String?> visibility:public/*package*/ [final]' type=androidx.compose.runtime.MutableState<kotlin.String?> origin=null
                              receiver: GET_VAR '<this>: com.duchastel.simon.photocategorizer.auth.AuthenticatedAsyncImageKt.AuthenticatedAsyncImage.<no name provided>.invokeSuspend.<no name provided> declared in com.duchastel.simon.photocategorizer.auth.AuthenticatedAsyncImageKt.AuthenticatedAsyncImage.<no name provided>.invokeSuspend.<no name provided>.invokeSuspend' type=com.duchastel.simon.photocategorizer.auth.AuthenticatedAsyncImageKt.AuthenticatedAsyncImage.<no name provided>.invokeSuspend.<no name provided> origin=null
                            <set-?>: CALL 'public abstract fun executeWithAuthToken <T> (execute: kotlin.coroutines.SuspendFunction1<@[ParameterName(name = "authToken")] com.duchastel.simon.photocategorizer.auth.AuthToken, T of com.duchastel.simon.photocategorizer.auth.AuthManager.executeWithAuthToken>, $completion: kotlin.coroutines.Continuation<T of com.duchastel.simon.photocategorizer.auth.AuthManager.executeWithAuthToken>): kotlin.Any? [suspend] declared in com.duchastel.simon.photocategorizer.auth.AuthManager' type=kotlin.String origin=null
                              <T>: kotlin.String
                              $this: GET_FIELD 'FIELD FIELD_FOR_CAPTURED_VALUE name:$authManager type:com.duchastel.simon.photocategorizer.auth.AuthManager visibility:public/*package*/ [final]' type=com.duchastel.simon.photocategorizer.auth.AuthManager origin=null
                                receiver: GET_VAR '<this>: com.duchastel.simon.photocategorizer.auth.AuthenticatedAsyncImageKt.AuthenticatedAsyncImage.<no name provided>.invokeSuspend.<no name provided> declared in com.duchastel.simon.photocategorizer.auth.AuthenticatedAsyncImageKt.AuthenticatedAsyncImage.<no name provided>.invokeSuspend.<no name provided>.invokeSuspend' type=com.duchastel.simon.photocategorizer.auth.AuthenticatedAsyncImageKt.AuthenticatedAsyncImage.<no name provided>.invokeSuspend.<no name provided> origin=null
                              execute: BLOCK type=com.duchastel.simon.photocategorizer.auth.AuthenticatedAsyncImageKt.AuthenticatedAsyncImage.<no name provided>.invokeSuspend.<no name provided>.invokeSuspend.<no name provided> origin=null
                                CLASS SUSPEND_LAMBDA CLASS name:<no name provided> modality:FINAL visibility:public/*package*/ superTypes:[kotlin.coroutines.jvm.internal.SuspendLambda; kotlin.jvm.functions.Function2<@[ParameterName(name = "authToken")] com.duchastel.simon.photocategorizer.auth.AuthToken, kotlin.coroutines.Continuation<kotlin.String>?, kotlin.Any?>]
                                  $this: VALUE_PARAMETER INSTANCE_RECEIVER name:<this> type:com.duchastel.simon.photocategorizer.auth.AuthenticatedAsyncImageKt.AuthenticatedAsyncImage.<no name provided>.invokeSuspend.<no name provided>.invokeSuspend.<no name provided>
                                  FIELD name:label type:kotlin.Int visibility:public/*package*/
                                  FIELD FIELD_FOR_CAPTURED_VALUE name:L$0 type:kotlin.Any? visibility:public/*package*/
                                  CONSTRUCTOR SUSPEND_LAMBDA visibility:public/*package*/ <> ($completion:kotlin.coroutines.Continuation<com.duchastel.simon.photocategorizer.auth.AuthenticatedAsyncImageKt.AuthenticatedAsyncImage.<no name provided>.invokeSuspend.<no name provided>.invokeSuspend.<no name provided>>?) returnType:com.duchastel.simon.photocategorizer.auth.AuthenticatedAsyncImageKt.AuthenticatedAsyncImage.<no name provided>.invokeSuspend.<no name provided>.invokeSuspend.<no name provided> [primary]
                                    VALUE_PARAMETER name:$completion index:0 type:kotlin.coroutines.Continuation<com.duchastel.simon.photocategorizer.auth.AuthenticatedAsyncImageKt.AuthenticatedAsyncImage.<no name provided>.invokeSuspend.<no name provided>.invokeSuspend.<no name provided>>?
                                    BLOCK_BODY
                                      DELEGATING_CONSTRUCTOR_CALL 'public constructor <init> (arity: kotlin.Int, $completion: kotlin.coroutines.Continuation<kotlin.Any?>?) declared in kotlin.coroutines.jvm.internal.SuspendLambda'
                                        arity: CONST Int type=kotlin.Int value=2
                                        $completion: GET_VAR '$completion: kotlin.coroutines.Continuation<com.duchastel.simon.photocategorizer.auth.AuthenticatedAsyncImageKt.AuthenticatedAsyncImage.<no name provided>.invokeSuspend.<no name provided>.invokeSuspend.<no name provided>>? declared in com.duchastel.simon.photocategorizer.auth.AuthenticatedAsyncImageKt.AuthenticatedAsyncImage.<no name provided>.invokeSuspend.<no name provided>.invokeSuspend.<no name provided>.<init>' type=kotlin.coroutines.Continuation<com.duchastel.simon.photocategorizer.auth.AuthenticatedAsyncImageKt.AuthenticatedAsyncImage.<no name provided>.invokeSuspend.<no name provided>.invokeSuspend.<no name provided>>? origin=null
                                      BLOCK type=kotlin.Unit origin=null
                                  FUN name:invokeSuspend visibility:public modality:FINAL <> ($this:com.duchastel.simon.photocategorizer.auth.AuthenticatedAsyncImageKt.AuthenticatedAsyncImage.<no name provided>.invokeSuspend.<no name provided>.invokeSuspend.<no name provided>, $result:kotlin.Result<kotlin.Any?>) returnType:kotlin.Any?
                                    overridden:
                                      protected abstract fun invokeSuspend ($result: kotlin.Result<kotlin.Any?>): kotlin.Any? declared in kotlin.coroutines.jvm.internal.SuspendLambda
                                    $this: VALUE_PARAMETER INSTANCE_RECEIVER name:<this> type:com.duchastel.simon.photocategorizer.auth.AuthenticatedAsyncImageKt.AuthenticatedAsyncImage.<no name provided>.invokeSuspend.<no name provided>.invokeSuspend.<no name provided>
                                    VALUE_PARAMETER name:$result index:0 type:kotlin.Result<kotlin.Any?>
                                    BLOCK_BODY
                                      VAR name:it type:@[ParameterName(name = "authToken")] com.duchastel.simon.photocategorizer.auth.AuthToken [val]
                                        BLOCK type=@[ParameterName(name = "authToken")] com.duchastel.simon.photocategorizer.auth.AuthToken origin=null
                                          GET_FIELD 'FIELD FIELD_FOR_CAPTURED_VALUE name:L$0 type:kotlin.Any? visibility:public/*package*/' type=@[ParameterName(name = "authToken")] com.duchastel.simon.photocategorizer.auth.AuthToken origin=null
                                            receiver: GET_VAR '<this>: com.duchastel.simon.photocategorizer.auth.AuthenticatedAsyncImageKt.AuthenticatedAsyncImage.<no name provided>.invokeSuspend.<no name provided>.invokeSuspend.<no name provided> declared in com.duchastel.simon.photocategorizer.auth.AuthenticatedAsyncImageKt.AuthenticatedAsyncImage.<no name provided>.invokeSuspend.<no name provided>.invokeSuspend.<no name provided>.invokeSuspend' type=com.duchastel.simon.photocategorizer.auth.AuthenticatedAsyncImageKt.AuthenticatedAsyncImage.<no name provided>.invokeSuspend.<no name provided>.invokeSuspend.<no name provided> origin=null
                                      RETURN type=kotlin.Nothing from='public final fun invokeSuspend ($result: kotlin.Result<kotlin.Any?>): kotlin.Any? declared in com.duchastel.simon.photocategorizer.auth.AuthenticatedAsyncImageKt.AuthenticatedAsyncImage.<no name provided>.invokeSuspend.<no name provided>.invokeSuspend.<no name provided>'
                                        CALL 'public final fun <get-accessToken> (): kotlin.String declared in com.duchastel.simon.photocategorizer.auth.AuthToken' type=kotlin.String origin=GET_PROPERTY
                                          $this: GET_VAR 'val it: @[ParameterName(name = "authToken")] com.duchastel.simon.photocategorizer.auth.AuthToken [val] declared in com.duchastel.simon.photocategorizer.auth.AuthenticatedAsyncImageKt.AuthenticatedAsyncImage.<no name provided>.invokeSuspend.<no name provided>.invokeSuspend.<no name provided>.invokeSuspend' type=@[ParameterName(name = "authToken")] com.duchastel.simon.photocategorizer.auth.AuthToken origin=null
                                  FUN name:create visibility:public modality:FINAL <> ($this:com.duchastel.simon.photocategorizer.auth.AuthenticatedAsyncImageKt.AuthenticatedAsyncImage.<no name provided>.invokeSuspend.<no name provided>.invokeSuspend.<no name provided>, value:kotlin.Any?, $completion:kotlin.coroutines.Continuation<kotlin.Nothing>) returnType:kotlin.coroutines.Continuation<kotlin.Unit>
                                    overridden:
                                      public open fun create (value: kotlin.Any?, $completion: kotlin.coroutines.Continuation<kotlin.Nothing>): kotlin.coroutines.Continuation<kotlin.Unit> declared in kotlin.coroutines.jvm.internal.SuspendLambda
                                    $this: VALUE_PARAMETER INSTANCE_RECEIVER name:<this> type:com.duchastel.simon.photocategorizer.auth.AuthenticatedAsyncImageKt.AuthenticatedAsyncImage.<no name provided>.invokeSuspend.<no name provided>.invokeSuspend.<no name provided>
                                    VALUE_PARAMETER name:value index:0 type:kotlin.Any?
                                    VALUE_PARAMETER name:$completion index:1 type:kotlin.coroutines.Continuation<kotlin.Nothing>
                                    BLOCK_BODY
                                      VAR IR_TEMPORARY_VARIABLE name:tmp0_result type:com.duchastel.simon.photocategorizer.auth.AuthenticatedAsyncImageKt.AuthenticatedAsyncImage.<no name provided>.invokeSuspend.<no name provided>.invokeSuspend.<no name provided> [val]
                                        CONSTRUCTOR_CALL 'public/*package*/ constructor <init> ($completion: kotlin.coroutines.Continuation<com.duchastel.simon.photocategorizer.auth.AuthenticatedAsyncImageKt.AuthenticatedAsyncImage.<no name provided>.invokeSuspend.<no name provided>.invokeSuspend.<no name provided>>?) [primary] declared in com.duchastel.simon.photocategorizer.auth.AuthenticatedAsyncImageKt.AuthenticatedAsyncImage.<no name provided>.invokeSuspend.<no name provided>.invokeSuspend.<no name provided>' type=com.duchastel.simon.photocategorizer.auth.AuthenticatedAsyncImageKt.AuthenticatedAsyncImage.<no name provided>.invokeSuspend.<no name provided>.invokeSuspend.<no name provided> origin=null
                                          $completion: GET_VAR '$completion: kotlin.coroutines.Continuation<kotlin.Nothing> declared in com.duchastel.simon.photocategorizer.auth.AuthenticatedAsyncImageKt.AuthenticatedAsyncImage.<no name provided>.invokeSuspend.<no name provided>.invokeSuspend.<no name provided>.create' type=kotlin.coroutines.Continuation<kotlin.Nothing> origin=null
                                      SET_FIELD 'FIELD FIELD_FOR_CAPTURED_VALUE name:L$0 type:kotlin.Any? visibility:public/*package*/' type=kotlin.Unit origin=null
                                        receiver: GET_VAR 'val tmp0_result: com.duchastel.simon.photocategorizer.auth.AuthenticatedAsyncImageKt.AuthenticatedAsyncImage.<no name provided>.invokeSuspend.<no name provided>.invokeSuspend.<no name provided> [val] declared in com.duchastel.simon.photocategorizer.auth.AuthenticatedAsyncImageKt.AuthenticatedAsyncImage.<no name provided>.invokeSuspend.<no name provided>.invokeSuspend.<no name provided>.create' type=com.duchastel.simon.photocategorizer.auth.AuthenticatedAsyncImageKt.AuthenticatedAsyncImage.<no name provided>.invokeSuspend.<no name provided>.invokeSuspend.<no name provided> origin=null
                                        value: GET_VAR 'value: kotlin.Any? declared in com.duchastel.simon.photocategorizer.auth.AuthenticatedAsyncImageKt.AuthenticatedAsyncImage.<no name provided>.invokeSuspend.<no name provided>.invokeSuspend.<no name provided>.create' type=kotlin.Any? origin=null
                                      RETURN type=kotlin.Nothing from='public final fun create (value: kotlin.Any?, $completion: kotlin.coroutines.Continuation<kotlin.Nothing>): kotlin.coroutines.Continuation<kotlin.Unit> declared in com.duchastel.simon.photocategorizer.auth.AuthenticatedAsyncImageKt.AuthenticatedAsyncImage.<no name provided>.invokeSuspend.<no name provided>.invokeSuspend.<no name provided>'
                                        GET_VAR 'val tmp0_result: com.duchastel.simon.photocategorizer.auth.AuthenticatedAsyncImageKt.AuthenticatedAsyncImage.<no name provided>.invokeSuspend.<no name provided>.invokeSuspend.<no name provided> [val] declared in com.duchastel.simon.photocategorizer.auth.AuthenticatedAsyncImageKt.AuthenticatedAsyncImage.<no name provided>.invokeSuspend.<no name provided>.invokeSuspend.<no name provided>.create' type=com.duchastel.simon.photocategorizer.auth.AuthenticatedAsyncImageKt.AuthenticatedAsyncImage.<no name provided>.invokeSuspend.<no name provided>.invokeSuspend.<no name provided> origin=null
                                  FUN name:invoke visibility:public modality:FINAL <> ($this:com.duchastel.simon.photocategorizer.auth.AuthenticatedAsyncImageKt.AuthenticatedAsyncImage.<no name provided>.invokeSuspend.<no name provided>.invokeSuspend.<no name provided>, p1:@[ParameterName(name = "authToken")] com.duchastel.simon.photocategorizer.auth.AuthToken, p2:kotlin.coroutines.Continuation<kotlin.String>?) returnType:kotlin.Any?
                                    overridden:
                                      public abstract fun invoke (p1: P1 of kotlin.jvm.functions.Function2, p2: P2 of kotlin.jvm.functions.Function2): R of kotlin.jvm.functions.Function2 declared in kotlin.jvm.functions.Function2
                                    $this: VALUE_PARAMETER INSTANCE_RECEIVER name:<this> type:com.duchastel.simon.photocategorizer.auth.AuthenticatedAsyncImageKt.AuthenticatedAsyncImage.<no name provided>.invokeSuspend.<no name provided>.invokeSuspend.<no name provided>
                                    VALUE_PARAMETER name:p1 index:0 type:@[ParameterName(name = "authToken")] com.duchastel.simon.photocategorizer.auth.AuthToken
                                    VALUE_PARAMETER name:p2 index:1 type:kotlin.coroutines.Continuation<kotlin.String>?
                                    BLOCK_BODY
                                      RETURN type=kotlin.Nothing from='public final fun invoke (p1: @[ParameterName(name = "authToken")] com.duchastel.simon.photocategorizer.auth.AuthToken, p2: kotlin.coroutines.Continuation<kotlin.String>?): kotlin.Any? declared in com.duchastel.simon.photocategorizer.auth.AuthenticatedAsyncImageKt.AuthenticatedAsyncImage.<no name provided>.invokeSuspend.<no name provided>.invokeSuspend.<no name provided>'
                                        CALL 'public final fun invokeSuspend ($result: kotlin.Result<kotlin.Any?>): kotlin.Any? declared in com.duchastel.simon.photocategorizer.auth.AuthenticatedAsyncImageKt.AuthenticatedAsyncImage.<no name provided>.invokeSuspend.<no name provided>.invokeSuspend.<no name provided>' type=kotlin.Any? origin=null
                                          $this: TYPE_OP type=com.duchastel.simon.photocategorizer.auth.AuthenticatedAsyncImageKt.AuthenticatedAsyncImage.<no name provided>.invokeSuspend.<no name provided>.invokeSuspend.<no name provided> origin=IMPLICIT_CAST typeOperand=com.duchastel.simon.photocategorizer.auth.AuthenticatedAsyncImageKt.AuthenticatedAsyncImage.<no name provided>.invokeSuspend.<no name provided>.invokeSuspend.<no name provided>
                                            CALL 'public final fun create (value: kotlin.Any?, $completion: kotlin.coroutines.Continuation<kotlin.Nothing>): kotlin.coroutines.Continuation<kotlin.Unit> declared in com.duchastel.simon.photocategorizer.auth.AuthenticatedAsyncImageKt.AuthenticatedAsyncImage.<no name provided>.invokeSuspend.<no name provided>.invokeSuspend.<no name provided>' type=kotlin.coroutines.Continuation<kotlin.Unit> origin=null
                                              $this: GET_VAR '<this>: com.duchastel.simon.photocategorizer.auth.AuthenticatedAsyncImageKt.AuthenticatedAsyncImage.<no name provided>.invokeSuspend.<no name provided>.invokeSuspend.<no name provided> declared in com.duchastel.simon.photocategorizer.auth.AuthenticatedAsyncImageKt.AuthenticatedAsyncImage.<no name provided>.invokeSuspend.<no name provided>.invokeSuspend.<no name provided>.invoke' type=com.duchastel.simon.photocategorizer.auth.AuthenticatedAsyncImageKt.AuthenticatedAsyncImage.<no name provided>.invokeSuspend.<no name provided>.invokeSuspend.<no name provided> origin=null
                                              value: GET_VAR 'p1: @[ParameterName(name = "authToken")] com.duchastel.simon.photocategorizer.auth.AuthToken declared in com.duchastel.simon.photocategorizer.auth.AuthenticatedAsyncImageKt.AuthenticatedAsyncImage.<no name provided>.invokeSuspend.<no name provided>.invokeSuspend.<no name provided>.invoke' type=@[ParameterName(name = "authToken")] com.duchastel.simon.photocategorizer.auth.AuthToken origin=null
                                              $completion: GET_VAR 'p2: kotlin.coroutines.Continuation<kotlin.String>? declared in com.duchastel.simon.photocategorizer.auth.AuthenticatedAsyncImageKt.AuthenticatedAsyncImage.<no name provided>.invokeSuspend.<no name provided>.invokeSuspend.<no name provided>.invoke' type=kotlin.coroutines.Continuation<kotlin.String>? origin=null
                                          $result: CALL 'public final fun <unsafe-coerce> <T, R> (v: T of kotlin.jvm.internal.<unsafe-coerce>): R of kotlin.jvm.internal.<unsafe-coerce> declared in kotlin.jvm.internal' type=kotlin.Result<kotlin.Any?> origin=null
                                            <T>: kotlin.Any?
                                            <R>: kotlin.Result<kotlin.Any?>
                                            v: GET_FIELD 'FIELD FIELD_FOR_OBJECT_INSTANCE name:INSTANCE type:kotlin.Unit visibility:public [final,static]' type=kotlin.Unit origin=null
                                  FUN BRIDGE name:invoke visibility:public modality:OPEN <> ($this:com.duchastel.simon.photocategorizer.auth.AuthenticatedAsyncImageKt.AuthenticatedAsyncImage.<no name provided>.invokeSuspend.<no name provided>.invokeSuspend.<no name provided>, p1:kotlin.Any?, p2:kotlin.Any?) returnType:kotlin.Any?
                                    $this: VALUE_PARAMETER INSTANCE_RECEIVER name:<this> type:com.duchastel.simon.photocategorizer.auth.AuthenticatedAsyncImageKt.AuthenticatedAsyncImage.<no name provided>.invokeSuspend.<no name provided>.invokeSuspend.<no name provided>
                                    VALUE_PARAMETER BRIDGE name:p1 index:0 type:kotlin.Any?
                                    VALUE_PARAMETER BRIDGE name:p2 index:1 type:kotlin.Any?
                                    EXPRESSION_BODY
                                      RETURN type=kotlin.Nothing from='public open fun invoke (p1: kotlin.Any?, p2: kotlin.Any?): kotlin.Any? declared in com.duchastel.simon.photocategorizer.auth.AuthenticatedAsyncImageKt.AuthenticatedAsyncImage.<no name provided>.invokeSuspend.<no name provided>.invokeSuspend.<no name provided>'
                                        CALL 'public final fun invoke (p1: @[ParameterName(name = "authToken")] com.duchastel.simon.photocategorizer.auth.AuthToken, p2: kotlin.coroutines.Continuation<kotlin.String>?): kotlin.Any? declared in com.duchastel.simon.photocategorizer.auth.AuthenticatedAsyncImageKt.AuthenticatedAsyncImage.<no name provided>.invokeSuspend.<no name provided>.invokeSuspend.<no name provided>' type=kotlin.Any? origin=BRIDGE_DELEGATION
                                          $this: GET_VAR '<this>: com.duchastel.simon.photocategorizer.auth.AuthenticatedAsyncImageKt.AuthenticatedAsyncImage.<no name provided>.invokeSuspend.<no name provided>.invokeSuspend.<no name provided> declared in com.duchastel.simon.photocategorizer.auth.AuthenticatedAsyncImageKt.AuthenticatedAsyncImage.<no name provided>.invokeSuspend.<no name provided>.invokeSuspend.<no name provided>.invoke' type=com.duchastel.simon.photocategorizer.auth.AuthenticatedAsyncImageKt.AuthenticatedAsyncImage.<no name provided>.invokeSuspend.<no name provided>.invokeSuspend.<no name provided> origin=null
                                          p1: TYPE_OP type=com.duchastel.simon.photocategorizer.auth.AuthToken origin=IMPLICIT_CAST typeOperand=com.duchastel.simon.photocategorizer.auth.AuthToken
                                            GET_VAR 'p1: kotlin.Any? declared in com.duchastel.simon.photocategorizer.auth.AuthenticatedAsyncImageKt.AuthenticatedAsyncImage.<no name provided>.invokeSuspend.<no name provided>.invokeSuspend.<no name provided>.invoke' type=kotlin.Any? origin=null
                                          p2: TYPE_OP type=kotlin.coroutines.Continuation<*> origin=IMPLICIT_CAST typeOperand=kotlin.coroutines.Continuation<*>
                                            GET_VAR 'p2: kotlin.Any? declared in com.duchastel.simon.photocategorizer.auth.AuthenticatedAsyncImageKt.AuthenticatedAsyncImage.<no name provided>.invokeSuspend.<no name provided>.invokeSuspend.<no name provided>.invoke' type=kotlin.Any? origin=null
                                CONSTRUCTOR_CALL 'public/*package*/ constructor <init> ($completion: kotlin.coroutines.Continuation<com.duchastel.simon.photocategorizer.auth.AuthenticatedAsyncImageKt.AuthenticatedAsyncImage.<no name provided>.invokeSuspend.<no name provided>.invokeSuspend.<no name provided>>?) [primary] declared in com.duchastel.simon.photocategorizer.auth.AuthenticatedAsyncImageKt.AuthenticatedAsyncImage.<no name provided>.invokeSuspend.<no name provided>.invokeSuspend.<no name provided>' type=com.duchastel.simon.photocategorizer.auth.AuthenticatedAsyncImageKt.AuthenticatedAsyncImage.<no name provided>.invokeSuspend.<no name provided>.invokeSuspend.<no name provided> origin=null
                                  $completion: CONST Null type=kotlin.Nothing? value=null
                              $completion: GET_VAR '<this>: com.duchastel.simon.photocategorizer.auth.AuthenticatedAsyncImageKt.AuthenticatedAsyncImage.<no name provided>.invokeSuspend.<no name provided> declared in com.duchastel.simon.photocategorizer.auth.AuthenticatedAsyncImageKt.AuthenticatedAsyncImage.<no name provided>.invokeSuspend.<no name provided>.invokeSuspend' type=com.duchastel.simon.photocategorizer.auth.AuthenticatedAsyncImageKt.AuthenticatedAsyncImage.<no name provided>.invokeSuspend.<no name provided> origin=null
                      FUN name:create visibility:public modality:FINAL <> ($this:com.duchastel.simon.photocategorizer.auth.AuthenticatedAsyncImageKt.AuthenticatedAsyncImage.<no name provided>.invokeSuspend.<no name provided>, value:kotlin.Any?, $completion:kotlin.coroutines.Continuation<kotlin.Nothing>) returnType:kotlin.coroutines.Continuation<kotlin.Unit>
                        overridden:
                          public open fun create (value: kotlin.Any?, $completion: kotlin.coroutines.Continuation<kotlin.Nothing>): kotlin.coroutines.Continuation<kotlin.Unit> declared in kotlin.coroutines.jvm.internal.SuspendLambda
                        $this: VALUE_PARAMETER INSTANCE_RECEIVER name:<this> type:com.duchastel.simon.photocategorizer.auth.AuthenticatedAsyncImageKt.AuthenticatedAsyncImage.<no name provided>.invokeSuspend.<no name provided>
                        VALUE_PARAMETER name:value index:0 type:kotlin.Any?
                        VALUE_PARAMETER name:$completion index:1 type:kotlin.coroutines.Continuation<kotlin.Nothing>
                        BLOCK_BODY
                          RETURN type=kotlin.Nothing from='public final fun create (value: kotlin.Any?, $completion: kotlin.coroutines.Continuation<kotlin.Nothing>): kotlin.coroutines.Continuation<kotlin.Unit> declared in com.duchastel.simon.photocategorizer.auth.AuthenticatedAsyncImageKt.AuthenticatedAsyncImage.<no name provided>.invokeSuspend.<no name provided>'
                            CONSTRUCTOR_CALL 'public/*package*/ constructor <init> ($authManager: com.duchastel.simon.photocategorizer.auth.AuthManager, $token$delegate: androidx.compose.runtime.MutableState<kotlin.String?>, $completion: kotlin.coroutines.Continuation<com.duchastel.simon.photocategorizer.auth.AuthenticatedAsyncImageKt.AuthenticatedAsyncImage.<no name provided>.invokeSuspend.<no name provided>>?) [primary] declared in com.duchastel.simon.photocategorizer.auth.AuthenticatedAsyncImageKt.AuthenticatedAsyncImage.<no name provided>.invokeSuspend.<no name provided>' type=com.duchastel.simon.photocategorizer.auth.AuthenticatedAsyncImageKt.AuthenticatedAsyncImage.<no name provided>.invokeSuspend.<no name provided> origin=null
                              $authManager: GET_FIELD 'FIELD FIELD_FOR_CAPTURED_VALUE name:$authManager type:com.duchastel.simon.photocategorizer.auth.AuthManager visibility:public/*package*/ [final]' type=com.duchastel.simon.photocategorizer.auth.AuthManager origin=null
                                receiver: GET_VAR '<this>: com.duchastel.simon.photocategorizer.auth.AuthenticatedAsyncImageKt.AuthenticatedAsyncImage.<no name provided>.invokeSuspend.<no name provided> declared in com.duchastel.simon.photocategorizer.auth.AuthenticatedAsyncImageKt.AuthenticatedAsyncImage.<no name provided>.invokeSuspend.<no name provided>.create' type=com.duchastel.simon.photocategorizer.auth.AuthenticatedAsyncImageKt.AuthenticatedAsyncImage.<no name provided>.invokeSuspend.<no name provided> origin=null
                              $token$delegate: GET_FIELD 'FIELD FIELD_FOR_CAPTURED_VALUE name:$token$delegate type:androidx.compose.runtime.MutableState<kotlin.String?> visibility:public/*package*/ [final]' type=androidx.compose.runtime.MutableState<kotlin.String?> origin=null
                                receiver: GET_VAR '<this>: com.duchastel.simon.photocategorizer.auth.AuthenticatedAsyncImageKt.AuthenticatedAsyncImage.<no name provided>.invokeSuspend.<no name provided> declared in com.duchastel.simon.photocategorizer.auth.AuthenticatedAsyncImageKt.AuthenticatedAsyncImage.<no name provided>.invokeSuspend.<no name provided>.create' type=com.duchastel.simon.photocategorizer.auth.AuthenticatedAsyncImageKt.AuthenticatedAsyncImage.<no name provided>.invokeSuspend.<no name provided> origin=null
                              $completion: GET_VAR '$completion: kotlin.coroutines.Continuation<kotlin.Nothing> declared in com.duchastel.simon.photocategorizer.auth.AuthenticatedAsyncImageKt.AuthenticatedAsyncImage.<no name provided>.invokeSuspend.<no name provided>.create' type=kotlin.coroutines.Continuation<kotlin.Nothing> origin=null
                      FUN name:invoke visibility:public modality:FINAL <> ($this:com.duchastel.simon.photocategorizer.auth.AuthenticatedAsyncImageKt.AuthenticatedAsyncImage.<no name provided>.invokeSuspend.<no name provided>, p1:kotlinx.coroutines.CoroutineScope, p2:kotlin.coroutines.Continuation<kotlin.Unit>?) returnType:kotlin.Any?
                        overridden:
                          public abstract fun invoke (p1: P1 of kotlin.jvm.functions.Function2, p2: P2 of kotlin.jvm.functions.Function2): R of kotlin.jvm.functions.Function2 declared in kotlin.jvm.functions.Function2
                        $this: VALUE_PARAMETER INSTANCE_RECEIVER name:<this> type:com.duchastel.simon.photocategorizer.auth.AuthenticatedAsyncImageKt.AuthenticatedAsyncImage.<no name provided>.invokeSuspend.<no name provided>
                        VALUE_PARAMETER name:p1 index:0 type:kotlinx.coroutines.CoroutineScope
                        VALUE_PARAMETER name:p2 index:1 type:kotlin.coroutines.Continuation<kotlin.Unit>?
                        BLOCK_BODY
                          RETURN type=kotlin.Nothing from='public final fun invoke (p1: kotlinx.coroutines.CoroutineScope, p2: kotlin.coroutines.Continuation<kotlin.Unit>?): kotlin.Any? declared in com.duchastel.simon.photocategorizer.auth.AuthenticatedAsyncImageKt.AuthenticatedAsyncImage.<no name provided>.invokeSuspend.<no name provided>'
                            CALL 'public final fun invokeSuspend ($result: kotlin.Result<kotlin.Any?>): kotlin.Any? declared in com.duchastel.simon.photocategorizer.auth.AuthenticatedAsyncImageKt.AuthenticatedAsyncImage.<no name provided>.invokeSuspend.<no name provided>' type=kotlin.Any? origin=null
                              $this: TYPE_OP type=com.duchastel.simon.photocategorizer.auth.AuthenticatedAsyncImageKt.AuthenticatedAsyncImage.<no name provided>.invokeSuspend.<no name provided> origin=IMPLICIT_CAST typeOperand=com.duchastel.simon.photocategorizer.auth.AuthenticatedAsyncImageKt.AuthenticatedAsyncImage.<no name provided>.invokeSuspend.<no name provided>
                                CALL 'public final fun create (value: kotlin.Any?, $completion: kotlin.coroutines.Continuation<kotlin.Nothing>): kotlin.coroutines.Continuation<kotlin.Unit> declared in com.duchastel.simon.photocategorizer.auth.AuthenticatedAsyncImageKt.AuthenticatedAsyncImage.<no name provided>.invokeSuspend.<no name provided>' type=kotlin.coroutines.Continuation<kotlin.Unit> origin=null
                                  $this: GET_VAR '<this>: com.duchastel.simon.photocategorizer.auth.AuthenticatedAsyncImageKt.AuthenticatedAsyncImage.<no name provided>.invokeSuspend.<no name provided> declared in com.duchastel.simon.photocategorizer.auth.AuthenticatedAsyncImageKt.AuthenticatedAsyncImage.<no name provided>.invokeSuspend.<no name provided>.invoke' type=com.duchastel.simon.photocategorizer.auth.AuthenticatedAsyncImageKt.AuthenticatedAsyncImage.<no name provided>.invokeSuspend.<no name provided> origin=null
                                  value: GET_VAR 'p1: kotlinx.coroutines.CoroutineScope declared in com.duchastel.simon.photocategorizer.auth.AuthenticatedAsyncImageKt.AuthenticatedAsyncImage.<no name provided>.invokeSuspend.<no name provided>.invoke' type=kotlinx.coroutines.CoroutineScope origin=null
                                  $completion: GET_VAR 'p2: kotlin.coroutines.Continuation<kotlin.Unit>? declared in com.duchastel.simon.photocategorizer.auth.AuthenticatedAsyncImageKt.AuthenticatedAsyncImage.<no name provided>.invokeSuspend.<no name provided>.invoke' type=kotlin.coroutines.Continuation<kotlin.Unit>? origin=null
                              $result: CALL 'public final fun <unsafe-coerce> <T, R> (v: T of kotlin.jvm.internal.<unsafe-coerce>): R of kotlin.jvm.internal.<unsafe-coerce> declared in kotlin.jvm.internal' type=kotlin.Result<kotlin.Any?> origin=null
                                <T>: kotlin.Any?
                                <R>: kotlin.Result<kotlin.Any?>
                                v: GET_FIELD 'FIELD FIELD_FOR_OBJECT_INSTANCE name:INSTANCE type:kotlin.Unit visibility:public [final,static]' type=kotlin.Unit origin=null
                      FIELD FIELD_FOR_CAPTURED_VALUE name:$authManager type:com.duchastel.simon.photocategorizer.auth.AuthManager visibility:public/*package*/ [final]
                      FIELD FIELD_FOR_CAPTURED_VALUE name:$token$delegate type:androidx.compose.runtime.MutableState<kotlin.String?> visibility:public/*package*/ [final]
                      FUN BRIDGE name:invoke visibility:public modality:OPEN <> ($this:com.duchastel.simon.photocategorizer.auth.AuthenticatedAsyncImageKt.AuthenticatedAsyncImage.<no name provided>.invokeSuspend.<no name provided>, p1:kotlin.Any?, p2:kotlin.Any?) returnType:kotlin.Any?
                        $this: VALUE_PARAMETER INSTANCE_RECEIVER name:<this> type:com.duchastel.simon.photocategorizer.auth.AuthenticatedAsyncImageKt.AuthenticatedAsyncImage.<no name provided>.invokeSuspend.<no name provided>
                        VALUE_PARAMETER BRIDGE name:p1 index:0 type:kotlin.Any?
                        VALUE_PARAMETER BRIDGE name:p2 index:1 type:kotlin.Any?
                        EXPRESSION_BODY
                          RETURN type=kotlin.Nothing from='public open fun invoke (p1: kotlin.Any?, p2: kotlin.Any?): kotlin.Any? declared in com.duchastel.simon.photocategorizer.auth.AuthenticatedAsyncImageKt.AuthenticatedAsyncImage.<no name provided>.invokeSuspend.<no name provided>'
                            CALL 'public final fun invoke (p1: kotlinx.coroutines.CoroutineScope, p2: kotlin.coroutines.Continuation<kotlin.Unit>?): kotlin.Any? declared in com.duchastel.simon.photocategorizer.auth.AuthenticatedAsyncImageKt.AuthenticatedAsyncImage.<no name provided>.invokeSuspend.<no name provided>' type=kotlin.Any? origin=BRIDGE_DELEGATION
                              $this: GET_VAR '<this>: com.duchastel.simon.photocategorizer.auth.AuthenticatedAsyncImageKt.AuthenticatedAsyncImage.<no name provided>.invokeSuspend.<no name provided> declared in com.duchastel.simon.photocategorizer.auth.AuthenticatedAsyncImageKt.AuthenticatedAsyncImage.<no name provided>.invokeSuspend.<no name provided>.invoke' type=com.duchastel.simon.photocategorizer.auth.AuthenticatedAsyncImageKt.AuthenticatedAsyncImage.<no name provided>.invokeSuspend.<no name provided> origin=null
                              p1: TYPE_OP type=kotlinx.coroutines.CoroutineScope origin=IMPLICIT_CAST typeOperand=kotlinx.coroutines.CoroutineScope
                                GET_VAR 'p1: kotlin.Any? declared in com.duchastel.simon.photocategorizer.auth.AuthenticatedAsyncImageKt.AuthenticatedAsyncImage.<no name provided>.invokeSuspend.<no name provided>.invoke' type=kotlin.Any? origin=null
                              p2: TYPE_OP type=kotlin.coroutines.Continuation<*> origin=IMPLICIT_CAST typeOperand=kotlin.coroutines.Continuation<*>
                                GET_VAR 'p2: kotlin.Any? declared in com.duchastel.simon.photocategorizer.auth.AuthenticatedAsyncImageKt.AuthenticatedAsyncImage.<no name provided>.invokeSuspend.<no name provided>.invoke' type=kotlin.Any? origin=null
                    CONSTRUCTOR_CALL 'public/*package*/ constructor <init> ($authManager: com.duchastel.simon.photocategorizer.auth.AuthManager, $token$delegate: androidx.compose.runtime.MutableState<kotlin.String?>, $completion: kotlin.coroutines.Continuation<com.duchastel.simon.photocategorizer.auth.AuthenticatedAsyncImageKt.AuthenticatedAsyncImage.<no name provided>.invokeSuspend.<no name provided>>?) [primary] declared in com.duchastel.simon.photocategorizer.auth.AuthenticatedAsyncImageKt.AuthenticatedAsyncImage.<no name provided>.invokeSuspend.<no name provided>' type=com.duchastel.simon.photocategorizer.auth.AuthenticatedAsyncImageKt.AuthenticatedAsyncImage.<no name provided>.invokeSuspend.<no name provided> origin=null
                      $authManager: GET_FIELD 'FIELD FIELD_FOR_CAPTURED_VALUE name:$authManager type:com.duchastel.simon.photocategorizer.auth.AuthManager visibility:public/*package*/ [final]' type=com.duchastel.simon.photocategorizer.auth.AuthManager origin=null
                        receiver: GET_VAR '<this>: com.duchastel.simon.photocategorizer.auth.AuthenticatedAsyncImageKt.AuthenticatedAsyncImage.<no name provided> declared in com.duchastel.simon.photocategorizer.auth.AuthenticatedAsyncImageKt.AuthenticatedAsyncImage.<no name provided>.invokeSuspend' type=com.duchastel.simon.photocategorizer.auth.AuthenticatedAsyncImageKt.AuthenticatedAsyncImage.<no name provided> origin=null
                      $token$delegate: GET_FIELD 'FIELD FIELD_FOR_CAPTURED_VALUE name:$token$delegate type:androidx.compose.runtime.MutableState<kotlin.String?> visibility:public/*package*/ [final]' type=androidx.compose.runtime.MutableState<kotlin.String?> origin=null
                        receiver: GET_VAR '<this>: com.duchastel.simon.photocategorizer.auth.AuthenticatedAsyncImageKt.AuthenticatedAsyncImage.<no name provided> declared in com.duchastel.simon.photocategorizer.auth.AuthenticatedAsyncImageKt.AuthenticatedAsyncImage.<no name provided>.invokeSuspend' type=com.duchastel.simon.photocategorizer.auth.AuthenticatedAsyncImageKt.AuthenticatedAsyncImage.<no name provided> origin=null
                      $completion: CONST Null type=kotlin.Nothing? value=null
                  $mask0: CONST Int type=kotlin.Int value=3
                  $handler: CONST Null type=kotlin.Any? value=null
                COMPOSITE type=kotlin.Unit origin=null
          FUN name:create visibility:public modality:FINAL <> ($this:com.duchastel.simon.photocategorizer.auth.AuthenticatedAsyncImageKt.AuthenticatedAsyncImage.<no name provided>, value:kotlin.Any?, $completion:kotlin.coroutines.Continuation<kotlin.Nothing>) returnType:kotlin.coroutines.Continuation<kotlin.Unit>
            overridden:
              public open fun create (value: kotlin.Any?, $completion: kotlin.coroutines.Continuation<kotlin.Nothing>): kotlin.coroutines.Continuation<kotlin.Unit> declared in kotlin.coroutines.jvm.internal.SuspendLambda
            $this: VALUE_PARAMETER INSTANCE_RECEIVER name:<this> type:com.duchastel.simon.photocategorizer.auth.AuthenticatedAsyncImageKt.AuthenticatedAsyncImage.<no name provided>
            VALUE_PARAMETER name:value index:0 type:kotlin.Any?
            VALUE_PARAMETER name:$completion index:1 type:kotlin.coroutines.Continuation<kotlin.Nothing>
            BLOCK_BODY
              RETURN type=kotlin.Nothing from='public final fun create (value: kotlin.Any?, $completion: kotlin.coroutines.Continuation<kotlin.Nothing>): kotlin.coroutines.Continuation<kotlin.Unit> declared in com.duchastel.simon.photocategorizer.auth.AuthenticatedAsyncImageKt.AuthenticatedAsyncImage.<no name provided>'
                CONSTRUCTOR_CALL 'public/*package*/ constructor <init> ($coroutineScope: kotlinx.coroutines.CoroutineScope, $authManager: com.duchastel.simon.photocategorizer.auth.AuthManager, $token$delegate: androidx.compose.runtime.MutableState<kotlin.String?>, $completion: kotlin.coroutines.Continuation<com.duchastel.simon.photocategorizer.auth.AuthenticatedAsyncImageKt.AuthenticatedAsyncImage.<no name provided>>?) [primary] declared in com.duchastel.simon.photocategorizer.auth.AuthenticatedAsyncImageKt.AuthenticatedAsyncImage.<no name provided>' type=com.duchastel.simon.photocategorizer.auth.AuthenticatedAsyncImageKt.AuthenticatedAsyncImage.<no name provided> origin=null
                  $coroutineScope: GET_FIELD 'FIELD FIELD_FOR_CAPTURED_VALUE name:$coroutineScope type:kotlinx.coroutines.CoroutineScope visibility:public/*package*/ [final]' type=kotlinx.coroutines.CoroutineScope origin=null
                    receiver: GET_VAR '<this>: com.duchastel.simon.photocategorizer.auth.AuthenticatedAsyncImageKt.AuthenticatedAsyncImage.<no name provided> declared in com.duchastel.simon.photocategorizer.auth.AuthenticatedAsyncImageKt.AuthenticatedAsyncImage.<no name provided>.create' type=com.duchastel.simon.photocategorizer.auth.AuthenticatedAsyncImageKt.AuthenticatedAsyncImage.<no name provided> origin=null
                  $authManager: GET_FIELD 'FIELD FIELD_FOR_CAPTURED_VALUE name:$authManager type:com.duchastel.simon.photocategorizer.auth.AuthManager visibility:public/*package*/ [final]' type=com.duchastel.simon.photocategorizer.auth.AuthManager origin=null
                    receiver: GET_VAR '<this>: com.duchastel.simon.photocategorizer.auth.AuthenticatedAsyncImageKt.AuthenticatedAsyncImage.<no name provided> declared in com.duchastel.simon.photocategorizer.auth.AuthenticatedAsyncImageKt.AuthenticatedAsyncImage.<no name provided>.create' type=com.duchastel.simon.photocategorizer.auth.AuthenticatedAsyncImageKt.AuthenticatedAsyncImage.<no name provided> origin=null
                  $token$delegate: GET_FIELD 'FIELD FIELD_FOR_CAPTURED_VALUE name:$token$delegate type:androidx.compose.runtime.MutableState<kotlin.String?> visibility:public/*package*/ [final]' type=androidx.compose.runtime.MutableState<kotlin.String?> origin=null
                    receiver: GET_VAR '<this>: com.duchastel.simon.photocategorizer.auth.AuthenticatedAsyncImageKt.AuthenticatedAsyncImage.<no name provided> declared in com.duchastel.simon.photocategorizer.auth.AuthenticatedAsyncImageKt.AuthenticatedAsyncImage.<no name provided>.create' type=com.duchastel.simon.photocategorizer.auth.AuthenticatedAsyncImageKt.AuthenticatedAsyncImage.<no name provided> origin=null
                  $completion: GET_VAR '$completion: kotlin.coroutines.Continuation<kotlin.Nothing> declared in com.duchastel.simon.photocategorizer.auth.AuthenticatedAsyncImageKt.AuthenticatedAsyncImage.<no name provided>.create' type=kotlin.coroutines.Continuation<kotlin.Nothing> origin=null
          FUN name:invoke visibility:public modality:FINAL <> ($this:com.duchastel.simon.photocategorizer.auth.AuthenticatedAsyncImageKt.AuthenticatedAsyncImage.<no name provided>, p1:kotlinx.coroutines.CoroutineScope, p2:kotlin.coroutines.Continuation<kotlin.Unit>?) returnType:kotlin.Any?
            overridden:
              public abstract fun invoke (p1: P1 of kotlin.jvm.functions.Function2, p2: P2 of kotlin.jvm.functions.Function2): R of kotlin.jvm.functions.Function2 declared in kotlin.jvm.functions.Function2
            $this: VALUE_PARAMETER INSTANCE_RECEIVER name:<this> type:com.duchastel.simon.photocategorizer.auth.AuthenticatedAsyncImageKt.AuthenticatedAsyncImage.<no name provided>
            VALUE_PARAMETER name:p1 index:0 type:kotlinx.coroutines.CoroutineScope
            VALUE_PARAMETER name:p2 index:1 type:kotlin.coroutines.Continuation<kotlin.Unit>?
            BLOCK_BODY
              RETURN type=kotlin.Nothing from='public final fun invoke (p1: kotlinx.coroutines.CoroutineScope, p2: kotlin.coroutines.Continuation<kotlin.Unit>?): kotlin.Any? declared in com.duchastel.simon.photocategorizer.auth.AuthenticatedAsyncImageKt.AuthenticatedAsyncImage.<no name provided>'
                CALL 'public final fun invokeSuspend ($result: kotlin.Result<kotlin.Any?>): kotlin.Any? declared in com.duchastel.simon.photocategorizer.auth.AuthenticatedAsyncImageKt.AuthenticatedAsyncImage.<no name provided>' type=kotlin.Any? origin=null
                  $this: TYPE_OP type=com.duchastel.simon.photocategorizer.auth.AuthenticatedAsyncImageKt.AuthenticatedAsyncImage.<no name provided> origin=IMPLICIT_CAST typeOperand=com.duchastel.simon.photocategorizer.auth.AuthenticatedAsyncImageKt.AuthenticatedAsyncImage.<no name provided>
                    CALL 'public final fun create (value: kotlin.Any?, $completion: kotlin.coroutines.Continuation<kotlin.Nothing>): kotlin.coroutines.Continuation<kotlin.Unit> declared in com.duchastel.simon.photocategorizer.auth.AuthenticatedAsyncImageKt.AuthenticatedAsyncImage.<no name provided>' type=kotlin.coroutines.Continuation<kotlin.Unit> origin=null
                      $this: GET_VAR '<this>: com.duchastel.simon.photocategorizer.auth.AuthenticatedAsyncImageKt.AuthenticatedAsyncImage.<no name provided> declared in com.duchastel.simon.photocategorizer.auth.AuthenticatedAsyncImageKt.AuthenticatedAsyncImage.<no name provided>.invoke' type=com.duchastel.simon.photocategorizer.auth.AuthenticatedAsyncImageKt.AuthenticatedAsyncImage.<no name provided> origin=null
                      value: GET_VAR 'p1: kotlinx.coroutines.CoroutineScope declared in com.duchastel.simon.photocategorizer.auth.AuthenticatedAsyncImageKt.AuthenticatedAsyncImage.<no name provided>.invoke' type=kotlinx.coroutines.CoroutineScope origin=null
                      $completion: GET_VAR 'p2: kotlin.coroutines.Continuation<kotlin.Unit>? declared in com.duchastel.simon.photocategorizer.auth.AuthenticatedAsyncImageKt.AuthenticatedAsyncImage.<no name provided>.invoke' type=kotlin.coroutines.Continuation<kotlin.Unit>? origin=null
                  $result: CALL 'public final fun <unsafe-coerce> <T, R> (v: T of kotlin.jvm.internal.<unsafe-coerce>): R of kotlin.jvm.internal.<unsafe-coerce> declared in kotlin.jvm.internal' type=kotlin.Result<kotlin.Any?> origin=null
                    <T>: kotlin.Any?
                    <R>: kotlin.Result<kotlin.Any?>
                    v: GET_FIELD 'FIELD FIELD_FOR_OBJECT_INSTANCE name:INSTANCE type:kotlin.Unit visibility:public [final,static]' type=kotlin.Unit origin=null
          FIELD FIELD_FOR_CAPTURED_VALUE name:$coroutineScope type:kotlinx.coroutines.CoroutineScope visibility:public/*package*/ [final]
          FIELD FIELD_FOR_CAPTURED_VALUE name:$authManager type:com.duchastel.simon.photocategorizer.auth.AuthManager visibility:public/*package*/ [final]
          FIELD FIELD_FOR_CAPTURED_VALUE name:$token$delegate type:androidx.compose.runtime.MutableState<kotlin.String?> visibility:public/*package*/ [final]
          FUN BRIDGE name:invoke visibility:public modality:OPEN <> ($this:com.duchastel.simon.photocategorizer.auth.AuthenticatedAsyncImageKt.AuthenticatedAsyncImage.<no name provided>, p1:kotlin.Any?, p2:kotlin.Any?) returnType:kotlin.Any?
            $this: VALUE_PARAMETER INSTANCE_RECEIVER name:<this> type:com.duchastel.simon.photocategorizer.auth.AuthenticatedAsyncImageKt.AuthenticatedAsyncImage.<no name provided>
            VALUE_PARAMETER BRIDGE name:p1 index:0 type:kotlin.Any?
            VALUE_PARAMETER BRIDGE name:p2 index:1 type:kotlin.Any?
            EXPRESSION_BODY
              RETURN type=kotlin.Nothing from='public open fun invoke (p1: kotlin.Any?, p2: kotlin.Any?): kotlin.Any? declared in com.duchastel.simon.photocategorizer.auth.AuthenticatedAsyncImageKt.AuthenticatedAsyncImage.<no name provided>'
                CALL 'public final fun invoke (p1: kotlinx.coroutines.CoroutineScope, p2: kotlin.coroutines.Continuation<kotlin.Unit>?): kotlin.Any? declared in com.duchastel.simon.photocategorizer.auth.AuthenticatedAsyncImageKt.AuthenticatedAsyncImage.<no name provided>' type=kotlin.Any? origin=BRIDGE_DELEGATION
                  $this: GET_VAR '<this>: com.duchastel.simon.photocategorizer.auth.AuthenticatedAsyncImageKt.AuthenticatedAsyncImage.<no name provided> declared in com.duchastel.simon.photocategorizer.auth.AuthenticatedAsyncImageKt.AuthenticatedAsyncImage.<no name provided>.invoke' type=com.duchastel.simon.photocategorizer.auth.AuthenticatedAsyncImageKt.AuthenticatedAsyncImage.<no name provided> origin=null
                  p1: TYPE_OP type=kotlinx.coroutines.CoroutineScope origin=IMPLICIT_CAST typeOperand=kotlinx.coroutines.CoroutineScope
                    GET_VAR 'p1: kotlin.Any? declared in com.duchastel.simon.photocategorizer.auth.AuthenticatedAsyncImageKt.AuthenticatedAsyncImage.<no name provided>.invoke' type=kotlin.Any? origin=null
                  p2: TYPE_OP type=kotlin.coroutines.Continuation<*> origin=IMPLICIT_CAST typeOperand=kotlin.coroutines.Continuation<*>
                    GET_VAR 'p2: kotlin.Any? declared in com.duchastel.simon.photocategorizer.auth.AuthenticatedAsyncImageKt.AuthenticatedAsyncImage.<no name provided>.invoke' type=kotlin.Any? origin=null
        CONSTRUCTOR_CALL 'public/*package*/ constructor <init> ($coroutineScope: kotlinx.coroutines.CoroutineScope, $authManager: com.duchastel.simon.photocategorizer.auth.AuthManager, $token$delegate: androidx.compose.runtime.MutableState<kotlin.String?>, $completion: kotlin.coroutines.Continuation<com.duchastel.simon.photocategorizer.auth.AuthenticatedAsyncImageKt.AuthenticatedAsyncImage.<no name provided>>?) [primary] declared in com.duchastel.simon.photocategorizer.auth.AuthenticatedAsyncImageKt.AuthenticatedAsyncImage.<no name provided>' type=com.duchastel.simon.photocategorizer.auth.AuthenticatedAsyncImageKt.AuthenticatedAsyncImage.<no name provided> origin=null
          $coroutineScope: GET_VAR 'val coroutineScope: kotlinx.coroutines.CoroutineScope [val] declared in com.duchastel.simon.photocategorizer.auth.AuthenticatedAsyncImageKt.AuthenticatedAsyncImage' type=kotlinx.coroutines.CoroutineScope origin=null
          $authManager: GET_VAR 'authManager: com.duchastel.simon.photocategorizer.auth.AuthManager declared in com.duchastel.simon.photocategorizer.auth.AuthenticatedAsyncImageKt.AuthenticatedAsyncImage' type=com.duchastel.simon.photocategorizer.auth.AuthManager origin=null
          $token$delegate: GET_VAR 'val token$delegate: androidx.compose.runtime.MutableState<kotlin.String?> [val] declared in com.duchastel.simon.photocategorizer.auth.AuthenticatedAsyncImageKt.AuthenticatedAsyncImage' type=androidx.compose.runtime.MutableState<kotlin.String?> origin=null
          $completion: CONST Null type=kotlin.Nothing? value=null
    WHEN type=kotlin.Unit origin=IF
      BRANCH
        if: CALL 'public final fun not (): kotlin.Boolean [operator] declared in kotlin.Boolean' type=kotlin.Boolean origin=EXCLEQ
          $this: CALL 'public final fun EQEQ (arg0: kotlin.Any?, arg1: kotlin.Any?): kotlin.Boolean declared in kotlin.internal.ir' type=kotlin.Boolean origin=EXCLEQ
            arg0: CALL 'private final fun AuthenticatedAsyncImage$lambda$1 ($token$delegate: androidx.compose.runtime.MutableState<kotlin.String?>): kotlin.String? declared in com.duchastel.simon.photocategorizer.auth.AuthenticatedAsyncImageKt' type=kotlin.String? origin=GET_LOCAL_PROPERTY
              $token$delegate: GET_VAR 'val token$delegate: androidx.compose.runtime.MutableState<kotlin.String?> [val] declared in com.duchastel.simon.photocategorizer.auth.AuthenticatedAsyncImageKt.AuthenticatedAsyncImage' type=androidx.compose.runtime.MutableState<kotlin.String?> origin=null
            arg1: CONST Null type=kotlin.Nothing? value=null
        then: BLOCK type=kotlin.Unit origin=null
          BLOCK type=kotlin.Unit origin=ARGUMENTS_REORDERING_FOR_CALL
            VAR IR_TEMPORARY_VARIABLE name:tmp0_model type:coil.request.ImageRequest [val]
              CALL 'public final fun build (): coil.request.ImageRequest declared in coil.request.ImageRequest.Builder' type=coil.request.ImageRequest origin=null
                $this: CALL 'public final fun crossfade (enable: kotlin.Boolean): coil.request.ImageRequest.Builder declared in coil.request.ImageRequest.Builder' type=coil.request.ImageRequest.Builder origin=null
                  $this: CALL 'public final fun addHeader (name: kotlin.String, value: kotlin.String): coil.request.ImageRequest.Builder declared in coil.request.ImageRequest.Builder' type=coil.request.ImageRequest.Builder origin=null
                    $this: CALL 'public final fun data (data: kotlin.Any?): coil.request.ImageRequest.Builder declared in coil.request.ImageRequest.Builder' type=coil.request.ImageRequest.Builder origin=null
                      $this: CONSTRUCTOR_CALL 'public constructor <init> (context: android.content.Context) declared in coil.request.ImageRequest.Builder' type=coil.request.ImageRequest.Builder origin=null
                        context: CALL 'public final fun <get-current> (): T of androidx.compose.runtime.CompositionLocal [inline] declared in androidx.compose.runtime.CompositionLocal' type=android.content.Context origin=GET_PROPERTY
                          $this: TYPE_OP type=androidx.compose.runtime.CompositionLocal<T of androidx.compose.runtime.CompositionLocal> origin=IMPLICIT_CAST typeOperand=androidx.compose.runtime.CompositionLocal<T of androidx.compose.runtime.CompositionLocal>
                            CALL 'public final fun <get-LocalContext> (): androidx.compose.runtime.ProvidableCompositionLocal<android.content.Context> declared in androidx.compose.ui.platform.AndroidCompositionLocals_androidKt' type=androidx.compose.runtime.ProvidableCompositionLocal<android.content.Context> origin=GET_PROPERTY
                      data: GET_VAR 'url: kotlin.String declared in com.duchastel.simon.photocategorizer.auth.AuthenticatedAsyncImageKt.AuthenticatedAsyncImage' type=kotlin.String origin=null
                    name: CONST String type=kotlin.String value="Authorization"
                    value: STRING_CONCATENATION type=kotlin.String
                      CONST String type=kotlin.String value="Bearer "
                      CALL 'private final fun AuthenticatedAsyncImage$lambda$1 ($token$delegate: androidx.compose.runtime.MutableState<kotlin.String?>): kotlin.String? declared in com.duchastel.simon.photocategorizer.auth.AuthenticatedAsyncImageKt' type=kotlin.String? origin=GET_LOCAL_PROPERTY
                        $token$delegate: GET_VAR 'val token$delegate: androidx.compose.runtime.MutableState<kotlin.String?> [val] declared in com.duchastel.simon.photocategorizer.auth.AuthenticatedAsyncImageKt.AuthenticatedAsyncImage' type=androidx.compose.runtime.MutableState<kotlin.String?> origin=null
                  enable: CONST Boolean type=kotlin.Boolean value=true
            CALL 'public final fun AsyncImage-WXqdOac$default (model: kotlin.Any?, contentDescription: kotlin.String?, modifier: androidx.compose.ui.Modifier?, transform: kotlin.Function1<coil.compose.AsyncImagePainter.State, coil.compose.AsyncImagePainter.State>?, onState: kotlin.Function1<coil.compose.AsyncImagePainter.State, kotlin.Unit>?, alignment: androidx.compose.ui.Alignment?, contentScale: androidx.compose.ui.layout.ContentScale?, alpha: kotlin.Float, colorFilter: androidx.compose.ui.graphics.ColorFilter?, filterQuality: androidx.compose.ui.graphics.FilterQuality, clipToBounds: kotlin.Boolean, modelEqualityDelegate: coil.compose.EqualityDelegate?, $mask0: kotlin.Int, $handler: kotlin.Any?): kotlin.Unit declared in coil.compose.SingletonAsyncImageKt' type=kotlin.Unit origin=DEFAULT_DISPATCH_CALL
              model: GET_VAR 'val tmp0_model: coil.request.ImageRequest [val] declared in com.duchastel.simon.photocategorizer.auth.AuthenticatedAsyncImageKt.AuthenticatedAsyncImage' type=coil.request.ImageRequest origin=null
              contentDescription: GET_VAR 'contentDescription: kotlin.String? declared in com.duchastel.simon.photocategorizer.auth.AuthenticatedAsyncImageKt.AuthenticatedAsyncImage' type=kotlin.String? origin=null
              modifier: GET_VAR 'modifier: androidx.compose.ui.Modifier declared in com.duchastel.simon.photocategorizer.auth.AuthenticatedAsyncImageKt.AuthenticatedAsyncImage' type=androidx.compose.ui.Modifier origin=null
              transform: COMPOSITE type=kotlin.Function1<coil.compose.AsyncImagePainter.State, coil.compose.AsyncImagePainter.State>? origin=DEFAULT_VALUE
                CONST Null type=kotlin.Function1<coil.compose.AsyncImagePainter.State, coil.compose.AsyncImagePainter.State>? value=null
              onState: COMPOSITE type=kotlin.Function1<coil.compose.AsyncImagePainter.State, kotlin.Unit>? origin=DEFAULT_VALUE
                CONST Null type=kotlin.Function1<coil.compose.AsyncImagePainter.State, kotlin.Unit>? value=null
              alignment: COMPOSITE type=androidx.compose.ui.Alignment? origin=DEFAULT_VALUE
                CONST Null type=androidx.compose.ui.Alignment? value=null
              contentScale: GET_VAR 'contentScale: androidx.compose.ui.layout.ContentScale declared in com.duchastel.simon.photocategorizer.auth.AuthenticatedAsyncImageKt.AuthenticatedAsyncImage' type=androidx.compose.ui.layout.ContentScale origin=null
              alpha: COMPOSITE type=kotlin.Float origin=DEFAULT_VALUE
                CONST Float type=kotlin.Float value=0.0
              colorFilter: COMPOSITE type=androidx.compose.ui.graphics.ColorFilter? origin=DEFAULT_VALUE
                CONST Null type=androidx.compose.ui.graphics.ColorFilter? value=null
              filterQuality: COMPOSITE type=androidx.compose.ui.graphics.FilterQuality origin=DEFAULT_VALUE
                CALL 'public final fun <unsafe-coerce> <T, R> (v: T of kotlin.jvm.internal.<unsafe-coerce>): R of kotlin.jvm.internal.<unsafe-coerce> declared in kotlin.jvm.internal' type=androidx.compose.ui.graphics.FilterQuality origin=null
                  <T>: kotlin.Int
                  <R>: androidx.compose.ui.graphics.FilterQuality
                  v: CONST Int type=kotlin.Int value=0
              clipToBounds: COMPOSITE type=kotlin.Boolean origin=DEFAULT_VALUE
                CONST Boolean type=kotlin.Boolean value=false
              modelEqualityDelegate: COMPOSITE type=coil.compose.EqualityDelegate? origin=DEFAULT_VALUE
                CONST Null type=coil.compose.EqualityDelegate? value=null
              $mask0: CONST Int type=kotlin.Int value=4024
              $handler: CONST Null type=kotlin.Any? value=null
      BRANCH
        if: CONST Boolean type=kotlin.Boolean value=true
        then: BLOCK type=kotlin.Unit origin=null
          CALL 'public final fun CircularProgressIndicator-piYsEVY$default (modifier: androidx.compose.ui.Modifier?, color: androidx.compose.ui.graphics.Color, strokeWidth: androidx.compose.ui.unit.Dp, trackColor: androidx.compose.ui.graphics.Color, strokeCap: androidx.compose.ui.graphics.StrokeCap, $mask0: kotlin.Int, $handler: kotlin.Any?): kotlin.Unit declared in androidx.compose.material3.ProgressIndicatorKt' type=kotlin.Unit origin=DEFAULT_DISPATCH_CALL
            modifier: COMPOSITE type=androidx.compose.ui.Modifier? origin=DEFAULT_VALUE
              CONST Null type=androidx.compose.ui.Modifier? value=null
            color: COMPOSITE type=androidx.compose.ui.graphics.Color origin=DEFAULT_VALUE
              CALL 'public final fun <unsafe-coerce> <T, R> (v: T of kotlin.jvm.internal.<unsafe-coerce>): R of kotlin.jvm.internal.<unsafe-coerce> declared in kotlin.jvm.internal' type=androidx.compose.ui.graphics.Color origin=null
                <T>: kotlin.Long
                <R>: androidx.compose.ui.graphics.Color
                v: CONST Long type=kotlin.Long value=0
            strokeWidth: COMPOSITE type=androidx.compose.ui.unit.Dp origin=DEFAULT_VALUE
              CALL 'public final fun <unsafe-coerce> <T, R> (v: T of kotlin.jvm.internal.<unsafe-coerce>): R of kotlin.jvm.internal.<unsafe-coerce> declared in kotlin.jvm.internal' type=androidx.compose.ui.unit.Dp origin=null
                <T>: kotlin.Float
                <R>: androidx.compose.ui.unit.Dp
                v: CONST Float type=kotlin.Float value=0.0
            trackColor: COMPOSITE type=androidx.compose.ui.graphics.Color origin=DEFAULT_VALUE
              CALL 'public final fun <unsafe-coerce> <T, R> (v: T of kotlin.jvm.internal.<unsafe-coerce>): R of kotlin.jvm.internal.<unsafe-coerce> declared in kotlin.jvm.internal' type=androidx.compose.ui.graphics.Color origin=null
                <T>: kotlin.Long
                <R>: androidx.compose.ui.graphics.Color
                v: CONST Long type=kotlin.Long value=0
            strokeCap: COMPOSITE type=androidx.compose.ui.graphics.StrokeCap origin=DEFAULT_VALUE
              CALL 'public final fun <unsafe-coerce> <T, R> (v: T of kotlin.jvm.internal.<unsafe-coerce>): R of kotlin.jvm.internal.<unsafe-coerce> declared in kotlin.jvm.internal' type=androidx.compose.ui.graphics.StrokeCap origin=null
                <T>: kotlin.Int
                <R>: androidx.compose.ui.graphics.StrokeCap
                v: CONST Int type=kotlin.Int value=0
            $mask0: CONST Int type=kotlin.Int value=31
            $handler: CONST Null type=kotlin.Any? value=null

	at org.jetbrains.kotlin.backend.jvm.codegen.FunctionCodegen.generate(FunctionCodegen.kt:50)
	at org.jetbrains.kotlin.backend.jvm.codegen.FunctionCodegen.generate$default(FunctionCodegen.kt:42)
	at org.jetbrains.kotlin.backend.jvm.codegen.ClassCodegen.generateMethodNode(ClassCodegen.kt:385)
	at org.jetbrains.kotlin.backend.jvm.codegen.ClassCodegen.generateMethod(ClassCodegen.kt:402)
	at org.jetbrains.kotlin.backend.jvm.codegen.ClassCodegen.generate(ClassCodegen.kt:169)
	at org.jetbrains.kotlin.backend.jvm.FileCodegen.lower(JvmPhases.kt:41)
	at org.jetbrains.kotlin.backend.common.phaser.PhaseBuildersKt.makeIrFilePhase$lambda$5(PhaseBuilders.kt:114)
	at org.jetbrains.kotlin.backend.common.phaser.PhaseBuildersKt$createSimpleNamedCompilerPhase$1.phaseBody(PhaseBuilders.kt:71)
	at org.jetbrains.kotlin.backend.common.phaser.SimpleNamedCompilerPhase.phaseBody(CompilerPhase.kt:226)
	at org.jetbrains.kotlin.backend.common.phaser.AbstractNamedCompilerPhase.invoke(CompilerPhase.kt:113)
	at org.jetbrains.kotlin.backend.common.phaser.PerformByIrFilePhase.invokeSequential(performByIrFile.kt:62)
	... 43 more
Caused by: org.jetbrains.kotlin.codegen.CompilationException: Back-end (JVM) Internal error: Couldn't inline method call: CALL 'public final fun rememberCoroutineScope$default (getContext: @[DisallowComposableCalls] kotlin.Function0<kotlin.coroutines.CoroutineContext>?, $mask0: kotlin.Int, $handler: kotlin.Any?): kotlinx.coroutines.CoroutineScope [inline] declared in androidx.compose.runtime.EffectsKt' type=kotlinx.coroutines.CoroutineScope origin=DEFAULT_DISPATCH_CALL
Method: null
File is unknown
The root cause java.lang.IllegalStateException was thrown at: org.jetbrains.kotlin.codegen.inline.SourceCompilerForInlineKt.getMethodNode(SourceCompilerForInline.kt:118)
	at org.jetbrains.kotlin.codegen.inline.InlineCodegen.performInline(InlineCodegen.kt:65)
	at org.jetbrains.kotlin.backend.jvm.codegen.IrInlineCodegen.genInlineCall(IrInlineCodegen.kt:162)
	at org.jetbrains.kotlin.backend.jvm.codegen.IrInlineCallGenerator.genCall(IrInlineCallGenerator.kt:36)
	at org.jetbrains.kotlin.backend.jvm.codegen.ExpressionCodegen.visitCall(ExpressionCodegen.kt:647)
	at org.jetbrains.kotlin.backend.jvm.codegen.ExpressionCodegen.visitCall(ExpressionCodegen.kt:137)
	at org.jetbrains.kotlin.ir.expressions.IrCall.accept(IrCall.kt:24)
	at org.jetbrains.kotlin.backend.jvm.codegen.ExpressionCodegen.visitVariable(ExpressionCodegen.kt:784)
	at org.jetbrains.kotlin.backend.jvm.codegen.ExpressionCodegen.visitVariable(ExpressionCodegen.kt:137)
	at org.jetbrains.kotlin.ir.declarations.IrVariable.accept(IrVariable.kt:36)
	at org.jetbrains.kotlin.backend.jvm.codegen.ExpressionCodegen.visitStatementContainer(ExpressionCodegen.kt:573)
	at org.jetbrains.kotlin.backend.jvm.codegen.ExpressionCodegen.visitBlockBody(ExpressionCodegen.kt:578)
	at org.jetbrains.kotlin.backend.jvm.codegen.ExpressionCodegen.visitBlockBody(ExpressionCodegen.kt:137)
	at org.jetbrains.kotlin.ir.expressions.IrBlockBody.accept(IrBlockBody.kt:20)
	at org.jetbrains.kotlin.backend.jvm.codegen.ExpressionCodegen.generate(ExpressionCodegen.kt:239)
	at org.jetbrains.kotlin.backend.jvm.codegen.FunctionCodegen.doGenerate(FunctionCodegen.kt:121)
	at org.jetbrains.kotlin.backend.jvm.codegen.FunctionCodegen.generate(FunctionCodegen.kt:46)
	... 53 more
Caused by: java.lang.IllegalStateException: couldn't find inline method Landroidx/compose/runtime/EffectsKt;.rememberCoroutineScope$default(Lkotlin/jvm/functions/Function0;ILjava/lang/Object;)Lkotlinx/coroutines/CoroutineScope;
	at org.jetbrains.kotlin.codegen.inline.SourceCompilerForInlineKt.getMethodNode(SourceCompilerForInline.kt:118)
	at org.jetbrains.kotlin.codegen.inline.SourceCompilerForInlineKt.loadCompiledInlineFunction(SourceCompilerForInline.kt:96)
	at org.jetbrains.kotlin.backend.jvm.codegen.IrSourceCompilerForInline.compileInlineFunction(IrSourceCompilerForInline.kt:91)
	at org.jetbrains.kotlin.codegen.inline.InlineCodegen.compileInline(InlineCodegen.kt:43)
	at org.jetbrains.kotlin.codegen.inline.InlineCodegen.performInline(InlineCodegen.kt:51)
	... 68 more


